# JRE version: OpenJDK Runtime Environment Temurin-17.0.3+7 (17.0.3+7) (build 17.0.3+7)
# Java VM: OpenJDK 64-Bit Server VM Temurin-17.0.3+7 (17.0.3+7, mixed mode, emulated-client, tiered, compressed oops, compressed class ptrs, g1 gc, windows-amd64)
GC Precious Log:
 CPUs: 4 total, 4 available
 Memory: 8072M
 Large Page Support: Disabled
 NUMA Support: Disabled
 Compressed Oops: Enabled (32-bit)
 Heap Region Size: 1M
 Heap Min Capacity: 8M
 Heap Initial Capacity: 128M
 Heap Max Capacity: 2020M
 Pre-touch: Disabled
 Parallel Workers: 4
 Concurrent Workers: 1
 Concurrent Refinement Workers: 4
 Periodic GC: Disabled
Heap:
 garbage-first heap   total 55296K, used 15128K [0x0000000081c00000, 0x0000000100000000)
  region size 1024K, 1 young (1024K), 0 survivors (0K)
 Metaspace       used 40646K, committed 41088K, reserved 1089536K
  class space    used 5593K, committed 5760K, reserved 1048576K
GC Heap History (20 events):
Event: 3174.491 GC heap before
{Heap before GC invocations=341 (full 305):
 garbage-first heap   total 55296K, used 15128K [0x0000000081c00000, 0x0000000100000000)
  region size 1024K, 1 young (1024K), 0 survivors (0K)
 Metaspace       used 40646K, committed 41088K, reserved 1089536K
  class space    used 5593K, committed 5760K, reserved 1048576K
}
Event: 3174.526 GC heap after
{Heap after GC invocations=342 (full 306):
 garbage-first heap   total 55296K, used 15128K [0x0000000081c00000, 0x0000000100000000)
  region size 1024K, 0 young (0K), 0 survivors (0K)
 Metaspace       used 40646K, committed 41088K, reserved 1089536K
  class space    used 5593K, committed 5760K, reserved 1048576K
}
Event: 3184.711 GC heap before
{Heap before GC invocations=342 (full 306):
 garbage-first heap   total 55296K, used 15128K [0x0000000081c00000, 0x0000000100000000)
  region size 1024K, 1 young (1024K), 0 survivors (0K)
 Metaspace       used 40646K, committed 41088K, reserved 1089536K
  class space    used 5593K, committed 5760K, reserved 1048576K
}
Event: 3184.749 GC heap after
{Heap after GC invocations=343 (full 307):
 garbage-first heap   total 55296K, used 15128K [0x0000000081c00000, 0x0000000100000000)
  region size 1024K, 0 young (0K), 0 survivors (0K)
 Metaspace       used 40646K, committed 41088K, reserved 1089536K
  class space    used 5593K, committed 5760K, reserved 1048576K
}
Event: 3194.945 GC heap before
{Heap before GC invocations=343 (full 307):
 garbage-first heap   total 55296K, used 15128K [0x0000000081c00000, 0x0000000100000000)
  region size 1024K, 1 young (1024K), 0 survivors (0K)
 Metaspace       used 40646K, committed 41088K, reserved 1089536K
  class space    used 5593K, committed 5760K, reserved 1048576K
}
Event: 3194.978 GC heap after
{Heap after GC invocations=344 (full 308):
 garbage-first heap   total 55296K, used 15128K [0x0000000081c00000, 0x0000000100000000)
  region size 1024K, 0 young (0K), 0 survivors (0K)
 Metaspace       used 40646K, committed 41088K, reserved 1089536K
  class space    used 5593K, committed 5760K, reserved 1048576K
}
Event: 3205.221 GC heap before
{Heap before GC invocations=344 (full 308):
 garbage-first heap   total 55296K, used 15128K [0x0000000081c00000, 0x0000000100000000)
  region size 1024K, 1 young (1024K), 0 survivors (0K)
 Metaspace       used 40646K, committed 41088K, reserved 1089536K
  class space    used 5593K, committed 5760K, reserved 1048576K
}
Event: 3205.252 GC heap after
{Heap after GC invocations=345 (full 309):
 garbage-first heap   total 55296K, used 15128K [0x0000000081c00000, 0x0000000100000000)
  region size 1024K, 0 young (0K), 0 survivors (0K)
 Metaspace       used 40646K, committed 41088K, reserved 1089536K
  class space    used 5593K, committed 5760K, reserved 1048576K
}
Event: 3215.607 GC heap before
{Heap before GC invocations=345 (full 309):
 garbage-first heap   total 55296K, used 15128K [0x0000000081c00000, 0x0000000100000000)
  region size 1024K, 1 young (1024K), 0 survivors (0K)
 Metaspace       used 40646K, committed 41088K, reserved 1089536K
  class space    used 5593K, committed 5760K, reserved 1048576K
}
Event: 3215.635 GC heap after
{Heap after GC invocations=346 (full 310):
 garbage-first heap   total 55296K, used 15128K [0x0000000081c00000, 0x0000000100000000)
  region size 1024K, 0 young (0K), 0 survivors (0K)
 Metaspace       used 40646K, committed 41088K, reserved 1089536K
  class space    used 5593K, committed 5760K, reserved 1048576K
}
Event: 3225.826 GC heap before
{Heap before GC invocations=346 (full 310):
 garbage-first heap   total 55296K, used 15128K [0x0000000081c00000, 0x0000000100000000)
  region size 1024K, 1 young (1024K), 0 survivors (0K)
 Metaspace       used 40646K, committed 41088K, reserved 1089536K
  class space    used 5593K, committed 5760K, reserved 1048576K
}
Event: 3225.856 GC heap after
{Heap after GC invocations=347 (full 311):
 garbage-first heap   total 55296K, used 15128K [0x0000000081c00000, 0x0000000100000000)
  region size 1024K, 0 young (0K), 0 survivors (0K)
 Metaspace       used 40646K, committed 41088K, reserved 1089536K
  class space    used 5593K, committed 5760K, reserved 1048576K
}
Event: 3236.455 GC heap before
{Heap before GC invocations=347 (full 311):
 garbage-first heap   total 55296K, used 15128K [0x0000000081c00000, 0x0000000100000000)
  region size 1024K, 1 young (1024K), 0 survivors (0K)
 Metaspace       used 40646K, committed 41088K, reserved 1089536K
  class space    used 5593K, committed 5760K, reserved 1048576K
}
Event: 3236.499 GC heap after
{Heap after GC invocations=348 (full 312):
 garbage-first heap   total 55296K, used 15128K [0x0000000081c00000, 0x0000000100000000)
  region size 1024K, 0 young (0K), 0 survivors (0K)
 Metaspace       used 40646K, committed 41088K, reserved 1089536K
  class space    used 5593K, committed 5760K, reserved 1048576K
}
Event: 3246.691 GC heap before
{Heap before GC invocations=348 (full 312):
 garbage-first heap   total 55296K, used 15128K [0x0000000081c00000, 0x0000000100000000)
  region size 1024K, 1 young (1024K), 0 survivors (0K)
 Metaspace       used 40646K, committed 41088K, reserved 1089536K
  class space    used 5593K, committed 5760K, reserved 1048576K
}
Event: 3246.735 GC heap after
{Heap after GC invocations=349 (full 313):
 garbage-first heap   total 55296K, used 15128K [0x0000000081c00000, 0x0000000100000000)
  region size 1024K, 0 young (0K), 0 survivors (0K)
 Metaspace       used 40646K, committed 41088K, reserved 1089536K
  class space    used 5593K, committed 5760K, reserved 1048576K
}
Event: 3257.126 GC heap before
{Heap before GC invocations=349 (full 313):
 garbage-first heap   total 55296K, used 15128K [0x0000000081c00000, 0x0000000100000000)
  region size 1024K, 1 young (1024K), 0 survivors (0K)
 Metaspace       used 40646K, committed 41088K, reserved 1089536K
  class space    used 5593K, committed 5760K, reserved 1048576K
}
Event: 3257.166 GC heap after
{Heap after GC invocations=350 (full 314):
 garbage-first heap   total 55296K, used 15128K [0x0000000081c00000, 0x0000000100000000)
  region size 1024K, 0 young (0K), 0 survivors (0K)
 Metaspace       used 40646K, committed 41088K, reserved 1089536K
  class space    used 5593K, committed 5760K, reserved 1048576K
}
Event: 3267.498 GC heap before
{Heap before GC invocations=350 (full 314):
 garbage-first heap   total 55296K, used 15128K [0x0000000081c00000, 0x0000000100000000)
  region size 1024K, 1 young (1024K), 0 survivors (0K)
 Metaspace       used 40646K, committed 41088K, reserved 1089536K
  class space    used 5593K, committed 5760K, reserved 1048576K
}
Event: 3267.542 GC heap after
{Heap after GC invocations=351 (full 315):
 garbage-first heap   total 55296K, used 15128K [0x0000000081c00000, 0x0000000100000000)
  region size 1024K, 0 young (0K), 0 survivors (0K)
 Metaspace       used 40646K, committed 41088K, reserved 1089536K
  class space    used 5593K, committed 5760K, reserved 1048576K
}

