# JRE version: OpenJDK Runtime Environment Temurin-17.0.3+7 (17.0.3+7) (build 17.0.3+7)
# Java VM: OpenJDK 64-Bit Server VM Temurin-17.0.3+7 (17.0.3+7, mixed mode, emulated-client, tiered, compressed oops, compressed class ptrs, g1 gc, windows-amd64)
GC Precious Log:
 CPUs: 4 total, 4 available
 Memory: 8072M
 Large Page Support: Disabled
 NUMA Support: Disabled
 Compressed Oops: Enabled (32-bit)
 Heap Region Size: 1M
 Heap Min Capacity: 8M
 Heap Initial Capacity: 128M
 Heap Max Capacity: 2020M
 Pre-touch: Disabled
 Parallel Workers: 4
 Concurrent Workers: 1
 Concurrent Refinement Workers: 4
 Periodic GC: Disabled
Heap:
 garbage-first heap   total 61440K, used 17976K [0x0000000081c00000, 0x0000000100000000)
  region size 1024K, 1 young (1024K), 0 survivors (0K)
 Metaspace       used 44216K, committed 44672K, reserved 1089536K
  class space    used 5918K, committed 6080K, reserved 1048576K
GC Heap History (20 events):
Event: 239.027 GC heap before
{Heap before GC invocations=52 (full 14):
 garbage-first heap   total 61440K, used 17976K [0x0000000081c00000, 0x0000000100000000)
  region size 1024K, 1 young (1024K), 0 survivors (0K)
 Metaspace       used 44216K, committed 44672K, reserved 1089536K
  class space    used 5918K, committed 6080K, reserved 1048576K
}
Event: 239.058 GC heap after
{Heap after GC invocations=53 (full 15):
 garbage-first heap   total 61440K, used 17976K [0x0000000081c00000, 0x0000000100000000)
  region size 1024K, 0 young (0K), 0 survivors (0K)
 Metaspace       used 44216K, committed 44672K, reserved 1089536K
  class space    used 5918K, committed 6080K, reserved 1048576K
}
Event: 249.266 GC heap before
{Heap before GC invocations=53 (full 15):
 garbage-first heap   total 61440K, used 17976K [0x0000000081c00000, 0x0000000100000000)
  region size 1024K, 1 young (1024K), 0 survivors (0K)
 Metaspace       used 44216K, committed 44672K, reserved 1089536K
  class space    used 5918K, committed 6080K, reserved 1048576K
}
Event: 249.315 GC heap after
{Heap after GC invocations=54 (full 16):
 garbage-first heap   total 61440K, used 17976K [0x0000000081c00000, 0x0000000100000000)
  region size 1024K, 0 young (0K), 0 survivors (0K)
 Metaspace       used 44216K, committed 44672K, reserved 1089536K
  class space    used 5918K, committed 6080K, reserved 1048576K
}
Event: 259.509 GC heap before
{Heap before GC invocations=54 (full 16):
 garbage-first heap   total 61440K, used 17976K [0x0000000081c00000, 0x0000000100000000)
  region size 1024K, 1 young (1024K), 0 survivors (0K)
 Metaspace       used 44216K, committed 44672K, reserved 1089536K
  class space    used 5918K, committed 6080K, reserved 1048576K
}
Event: 259.549 GC heap after
{Heap after GC invocations=55 (full 17):
 garbage-first heap   total 61440K, used 17976K [0x0000000081c00000, 0x0000000100000000)
  region size 1024K, 0 young (0K), 0 survivors (0K)
 Metaspace       used 44216K, committed 44672K, reserved 1089536K
  class space    used 5918K, committed 6080K, reserved 1048576K
}
Event: 269.770 GC heap before
{Heap before GC invocations=55 (full 17):
 garbage-first heap   total 61440K, used 17976K [0x0000000081c00000, 0x0000000100000000)
  region size 1024K, 1 young (1024K), 0 survivors (0K)
 Metaspace       used 44216K, committed 44672K, reserved 1089536K
  class space    used 5918K, committed 6080K, reserved 1048576K
}
Event: 269.813 GC heap after
{Heap after GC invocations=56 (full 18):
 garbage-first heap   total 61440K, used 17976K [0x0000000081c00000, 0x0000000100000000)
  region size 1024K, 0 young (0K), 0 survivors (0K)
 Metaspace       used 44216K, committed 44672K, reserved 1089536K
  class space    used 5918K, committed 6080K, reserved 1048576K
}
Event: 280.045 GC heap before
{Heap before GC invocations=56 (full 18):
 garbage-first heap   total 61440K, used 17976K [0x0000000081c00000, 0x0000000100000000)
  region size 1024K, 1 young (1024K), 0 survivors (0K)
 Metaspace       used 44216K, committed 44672K, reserved 1089536K
  class space    used 5918K, committed 6080K, reserved 1048576K
}
Event: 280.088 GC heap after
{Heap after GC invocations=57 (full 19):
 garbage-first heap   total 61440K, used 17976K [0x0000000081c00000, 0x0000000100000000)
  region size 1024K, 0 young (0K), 0 survivors (0K)
 Metaspace       used 44216K, committed 44672K, reserved 1089536K
  class space    used 5918K, committed 6080K, reserved 1048576K
}
Event: 290.301 GC heap before
{Heap before GC invocations=57 (full 19):
 garbage-first heap   total 61440K, used 17976K [0x0000000081c00000, 0x0000000100000000)
  region size 1024K, 1 young (1024K), 0 survivors (0K)
 Metaspace       used 44216K, committed 44672K, reserved 1089536K
  class space    used 5918K, committed 6080K, reserved 1048576K
}
Event: 290.341 GC heap after
{Heap after GC invocations=58 (full 20):
 garbage-first heap   total 61440K, used 17976K [0x0000000081c00000, 0x0000000100000000)
  region size 1024K, 0 young (0K), 0 survivors (0K)
 Metaspace       used 44216K, committed 44672K, reserved 1089536K
  class space    used 5918K, committed 6080K, reserved 1048576K
}
Event: 300.570 GC heap before
{Heap before GC invocations=58 (full 20):
 garbage-first heap   total 61440K, used 17976K [0x0000000081c00000, 0x0000000100000000)
  region size 1024K, 1 young (1024K), 0 survivors (0K)
 Metaspace       used 44216K, committed 44672K, reserved 1089536K
  class space    used 5918K, committed 6080K, reserved 1048576K
}
Event: 300.610 GC heap after
{Heap after GC invocations=59 (full 21):
 garbage-first heap   total 61440K, used 17976K [0x0000000081c00000, 0x0000000100000000)
  region size 1024K, 0 young (0K), 0 survivors (0K)
 Metaspace       used 44216K, committed 44672K, reserved 1089536K
  class space    used 5918K, committed 6080K, reserved 1048576K
}
Event: 310.851 GC heap before
{Heap before GC invocations=59 (full 21):
 garbage-first heap   total 61440K, used 17976K [0x0000000081c00000, 0x0000000100000000)
  region size 1024K, 1 young (1024K), 0 survivors (0K)
 Metaspace       used 44216K, committed 44672K, reserved 1089536K
  class space    used 5918K, committed 6080K, reserved 1048576K
}
Event: 310.891 GC heap after
{Heap after GC invocations=60 (full 22):
 garbage-first heap   total 61440K, used 17976K [0x0000000081c00000, 0x0000000100000000)
  region size 1024K, 0 young (0K), 0 survivors (0K)
 Metaspace       used 44216K, committed 44672K, reserved 1089536K
  class space    used 5918K, committed 6080K, reserved 1048576K
}
Event: 321.328 GC heap before
{Heap before GC invocations=60 (full 22):
 garbage-first heap   total 61440K, used 17976K [0x0000000081c00000, 0x0000000100000000)
  region size 1024K, 1 young (1024K), 0 survivors (0K)
 Metaspace       used 44216K, committed 44672K, reserved 1089536K
  class space    used 5918K, committed 6080K, reserved 1048576K
}
Event: 321.376 GC heap after
{Heap after GC invocations=61 (full 23):
 garbage-first heap   total 61440K, used 17976K [0x0000000081c00000, 0x0000000100000000)
  region size 1024K, 0 young (0K), 0 survivors (0K)
 Metaspace       used 44216K, committed 44672K, reserved 1089536K
  class space    used 5918K, committed 6080K, reserved 1048576K
}
Event: 331.564 GC heap before
{Heap before GC invocations=61 (full 23):
 garbage-first heap   total 61440K, used 17976K [0x0000000081c00000, 0x0000000100000000)
  region size 1024K, 1 young (1024K), 0 survivors (0K)
 Metaspace       used 44216K, committed 44672K, reserved 1089536K
  class space    used 5918K, committed 6080K, reserved 1048576K
}
Event: 331.600 GC heap after
{Heap after GC invocations=62 (full 24):
 garbage-first heap   total 61440K, used 17976K [0x0000000081c00000, 0x0000000100000000)
  region size 1024K, 0 young (0K), 0 survivors (0K)
 Metaspace       used 44216K, committed 44672K, reserved 1089536K
  class space    used 5918K, committed 6080K, reserved 1048576K
}

